ruby: warning: Ruby::Box is experimental, and the behavior may change in the future!
See https://docs.ruby-lang.org/en/4.0/Ruby/Box.html for known issues, etc.
Loaded suite test_fibo
Started
E
===============================================================================
Error: test_load_fiddle_2(TestFibo)E
===============================================================================
Error: test_load_fiddle_2(TestFibo)Finished in 0.011718944 seconds.
-------------------------------------------------------------------------------
1 tests, 1 assertions, 0 failures, 2 errors, 0 pendings, 0 omissions, 0 notifications
100% passed
-------------------------------------------------------------------------------
85.33 tests/s, 85.33 assertions/s/home/katsyoshi/.rbenv/versions/4.0.1/lib/ruby/gems/4.0.0/gems/test-unit-3.7.7/lib/test/unit/error.rb:43:in 'Test::Unit::Error#message': undefined method 'message' for nil (NoMethodError)

        "#{@exception.class.name}: #{@exception.message}"
                                               ^^^^^^^^
	from /home/katsyoshi/.rbenv/versions/4.0.1/lib/ruby/gems/4.0.0/gems/test-unit-3.7.7/lib/test/unit/ui/console/testrunner.rb:268:in 'Test::Unit::UI::Console::TestRunner#output_fault_message'
	from /home/katsyoshi/.rbenv/versions/4.0.1/lib/ruby/gems/4.0.0/gems/test-unit-3.7.7/lib/test/unit/ui/console/testrunner.rb:204:in 'Test::Unit::UI::Console::TestRunner#output_fault_in_detail'
	from /home/katsyoshi/.rbenv/versions/4.0.1/lib/ruby/gems/4.0.0/gems/test-unit-3.7.7/lib/test/unit/ui/console/testrunner.rb:584:in 'block in Test::Unit::UI::Console::TestRunner#output_progress_in_detail'
	from /home/katsyoshi/.rbenv/versions/4.0.1/lib/ruby/gems/4.0.0/gems/test-unit-3.7.7/lib/test/unit/ui/console/testrunner.rb:71:in 'Test::Unit::UI::Console::TestRunner#change_output_level'
	from /home/katsyoshi/.rbenv/versions/4.0.1/lib/ruby/gems/4.0.0/gems/test-unit-3.7.7/lib/test/unit/ui/console/testrunner.rb:580:in 'Test::Unit::UI::Console::TestRunner#output_progress_in_detail'
	from /home/katsyoshi/.rbenv/versions/4.0.1/lib/ruby/gems/4.0.0/gems/test-unit-3.7.7/lib/test/unit/ui/console/testrunner.rb:107:in 'Test::Unit::UI::Console::TestRunner#add_fault'
	from /home/katsyoshi/.rbenv/versions/4.0.1/lib/ruby/gems/4.0.0/gems/test-unit-3.7.7/lib/test/unit/util/observable.rb:74:in 'block in Test::Unit::Util::Observable#notify_listeners'
	from /home/katsyoshi/.rbenv/versions/4.0.1/lib/ruby/gems/4.0.0/gems/test-unit-3.7.7/lib/test/unit/util/observable.rb:74:in 'Hash#each_value'
	from /home/katsyoshi/.rbenv/versions/4.0.1/lib/ruby/gems/4.0.0/gems/test-unit-3.7.7/lib/test/unit/util/observable.rb:74:in 'Test::Unit::Util::Observable#notify_listeners'
	from /home/katsyoshi/.rbenv/versions/4.0.1/lib/ruby/gems/4.0.0/gems/test-unit-3.7.7/lib/test/unit/ui/testrunnermediator.rb:115:in 'block in Test::Unit::UI::TestRunnerMediator#with_listener'
	from /home/katsyoshi/.rbenv/versions/4.0.1/lib/ruby/gems/4.0.0/gems/test-unit-3.7.7/lib/test/unit/util/observable.rb:74:in 'block in Test::Unit::Util::Observable#notify_listeners'
	from /home/katsyoshi/.rbenv/versions/4.0.1/lib/ruby/gems/4.0.0/gems/test-unit-3.7.7/lib/test/unit/util/observable.rb:74:in 'Hash#each_value'
	from /home/katsyoshi/.rbenv/versions/4.0.1/lib/ruby/gems/4.0.0/gems/test-unit-3.7.7/lib/test/unit/util/observable.rb:74:in 'Test::Unit::Util::Observable#notify_listeners'
	from /home/katsyoshi/.rbenv/versions/4.0.1/lib/ruby/gems/4.0.0/gems/test-unit-3.7.7/lib/test/unit/testresult.rb:128:in 'Test::Unit::TestResult#notify_fault'
	from /home/katsyoshi/.rbenv/versions/4.0.1/lib/ruby/gems/4.0.0/gems/test-unit-3.7.7/lib/test/unit/error.rb:131:in 'Test::Unit::TestResultErrorSupport#add_error'
	from /home/katsyoshi/.rbenv/versions/4.0.1/lib/ruby/gems/4.0.0/gems/test-unit-3.7.7/lib/test/unit/error.rb:121:in 'Test::Unit::ErrorHandler#add_error'
	from /home/katsyoshi/.rbenv/versions/4.0.1/lib/ruby/gems/4.0.0/gems/test-unit-3.7.7/lib/test/unit/error.rb:93:in 'Test::Unit::ErrorHandler#handle_all_exception'
	from /home/katsyoshi/.rbenv/versions/4.0.1/lib/ruby/gems/4.0.0/gems/test-unit-3.7.7/lib/test/unit/testcase.rb:978:in 'block in Test::Unit::TestCase#handle_exception'
	from /home/katsyoshi/.rbenv/versions/4.0.1/lib/ruby/gems/4.0.0/gems/test-unit-3.7.7/lib/test/unit/testcase.rb:974:in 'Array#each'
	from /home/katsyoshi/.rbenv/versions/4.0.1/lib/ruby/gems/4.0.0/gems/test-unit-3.7.7/lib/test/unit/testcase.rb:974:in 'Test::Unit::TestCase#handle_exception'
	from /home/katsyoshi/.rbenv/versions/4.0.1/lib/ruby/gems/4.0.0/gems/test-unit-3.7.7/lib/test/unit/testcase.rb:652:in 'Test::Unit::TestCase#run'
	from /home/katsyoshi/.rbenv/versions/4.0.1/lib/ruby/gems/4.0.0/gems/test-unit-3.7.7/lib/test/unit/test-suite-runner.rb:97:in 'Test::Unit::TestSuiteRunner#run_test'
	from /home/katsyoshi/.rbenv/versions/4.0.1/lib/ruby/gems/4.0.0/gems/test-unit-3.7.7/lib/test/unit/test-suite-runner.rb:63:in 'block in Test::Unit::TestSuiteRunner#run_tests'
	from /home/katsyoshi/.rbenv/versions/4.0.1/lib/ruby/gems/4.0.0/gems/test-unit-3.7.7/lib/test/unit/test-suite-runner.rb:62:in 'Array#each'
	from /home/katsyoshi/.rbenv/versions/4.0.1/lib/ruby/gems/4.0.0/gems/test-unit-3.7.7/lib/test/unit/test-suite-runner.rb:62:in 'Test::Unit::TestSuiteRunner#run_tests'
	from /home/katsyoshi/.rbenv/versions/4.0.1/lib/ruby/gems/4.0.0/gems/test-unit-3.7.7/lib/test/unit/test-suite-runner.rb:39:in 'Test::Unit::TestSuiteRunner#run'
	from /home/katsyoshi/.rbenv/versions/4.0.1/lib/ruby/gems/4.0.0/gems/test-unit-3.7.7/lib/test/unit/testsuite.rb:77:in 'Test::Unit::TestSuite#run'
	from /home/katsyoshi/.rbenv/versions/4.0.1/lib/ruby/gems/4.0.0/gems/test-unit-3.7.7/lib/test/unit/test-suite-runner.rb:97:in 'Test::Unit::TestSuiteRunner#run_test'
	from /home/katsyoshi/.rbenv/versions/4.0.1/lib/ruby/gems/4.0.0/gems/test-unit-3.7.7/lib/test/unit/test-suite-runner.rb:63:in 'block in Test::Unit::TestSuiteRunner#run_tests'
	from /home/katsyoshi/.rbenv/versions/4.0.1/lib/ruby/gems/4.0.0/gems/test-unit-3.7.7/lib/test/unit/test-suite-runner.rb:62:in 'Array#each'
	from /home/katsyoshi/.rbenv/versions/4.0.1/lib/ruby/gems/4.0.0/gems/test-unit-3.7.7/lib/test/unit/test-suite-runner.rb:62:in 'Test::Unit::TestSuiteRunner#run_tests'
	from /home/katsyoshi/.rbenv/versions/4.0.1/lib/ruby/gems/4.0.0/gems/test-unit-3.7.7/lib/test/unit/test-suite-runner.rb:39:in 'Test::Unit::TestSuiteRunner#run'
	from /home/katsyoshi/.rbenv/versions/4.0.1/lib/ruby/gems/4.0.0/gems/test-unit-3.7.7/lib/test/unit/testsuite.rb:77:in 'Test::Unit::TestSuite#run'
	from /home/katsyoshi/.rbenv/versions/4.0.1/lib/ruby/gems/4.0.0/gems/test-unit-3.7.7/lib/test/unit/ui/testrunnermediator.rb:84:in 'Test::Unit::UI::TestRunnerMediator#run_suite'
	from /home/katsyoshi/.rbenv/versions/4.0.1/lib/ruby/gems/4.0.0/gems/test-unit-3.7.7/lib/test/unit/ui/testrunnermediator.rb:60:in 'block (3 levels) in Test::Unit::UI::TestRunnerMediator#run'
	from /home/katsyoshi/.rbenv/versions/4.0.1/lib/ruby/gems/4.0.0/gems/test-unit-3.7.7/lib/test/unit/ui/testrunnermediator.rb:55:in 'Kernel#catch'
	from /home/katsyoshi/.rbenv/versions/4.0.1/lib/ruby/gems/4.0.0/gems/test-unit-3.7.7/lib/test/unit/ui/testrunnermediator.rb:55:in 'block (2 levels) in Test::Unit::UI::TestRunnerMediator#run'
	from /home/katsyoshi/.rbenv/versions/4.0.1/lib/ruby/gems/4.0.0/gems/test-unit-3.7.7/lib/test/unit/test-suite-runner.rb:19:in 'Test::Unit::TestSuiteRunner.run_all_tests'
	from /home/katsyoshi/.rbenv/versions/4.0.1/lib/ruby/gems/4.0.0/gems/test-unit-3.7.7/lib/test/unit/ui/testrunnermediator.rb:54:in 'block in Test::Unit::UI::TestRunnerMediator#run'
	from /home/katsyoshi/.rbenv/versions/4.0.1/lib/ruby/gems/4.0.0/gems/test-unit-3.7.7/lib/test/unit/ui/testrunnermediator.rb:119:in 'Test::Unit::UI::TestRunnerMediator#with_listener'
	from /home/katsyoshi/.rbenv/versions/4.0.1/lib/ruby/gems/4.0.0/gems/test-unit-3.7.7/lib/test/unit/ui/testrunnermediator.rb:53:in 'Test::Unit::UI::TestRunnerMediator#run'
	from /home/katsyoshi/.rbenv/versions/4.0.1/lib/ruby/gems/4.0.0/gems/test-unit-3.7.7/lib/test/unit/ui/testrunner.rb:40:in 'Test::Unit::UI::TestRunner#start_mediator'
	from /home/katsyoshi/.rbenv/versions/4.0.1/lib/ruby/gems/4.0.0/gems/test-unit-3.7.7/lib/test/unit/ui/testrunner.rb:25:in 'Test::Unit::UI::TestRunner#start'
	from /home/katsyoshi/.rbenv/versions/4.0.1/lib/ruby/gems/4.0.0/gems/test-unit-3.7.7/lib/test/unit/ui/testrunnerutilities.rb:24:in 'Test::Unit::UI::TestRunnerUtilities#run'
	from /home/katsyoshi/.rbenv/versions/4.0.1/lib/ruby/gems/4.0.0/gems/test-unit-3.7.7/lib/test/unit/autorunner.rb:509:in 'block in Test::Unit::AutoRunner#run'
	from /home/katsyoshi/.rbenv/versions/4.0.1/lib/ruby/gems/4.0.0/gems/test-unit-3.7.7/lib/test/unit/autorunner.rb:574:in 'Test::Unit::AutoRunner#change_work_directory'
	from /home/katsyoshi/.rbenv/versions/4.0.1/lib/ruby/gems/4.0.0/gems/test-unit-3.7.7/lib/test/unit/autorunner.rb:508:in 'Test::Unit::AutoRunner#run'
	from /home/katsyoshi/.rbenv/versions/4.0.1/lib/ruby/gems/4.0.0/gems/test-unit-3.7.7/lib/test/unit/autorunner.rb:69:in 'Test::Unit::AutoRunner.run'
	from /home/katsyoshi/.rbenv/versions/4.0.1/lib/ruby/gems/4.0.0/gems/test-unit-3.7.7/lib/test/unit.rb:518:in 'block (2 levels) in <top (required)>'
/home/katsyoshi/.rbenv/versions/4.0.1/lib/ruby/gems/4.0.0/gems/test-unit-3.7.7/lib/test/unit/error.rb:43:in 'Test::Unit::Error#message': undefined method 'message' for nil (NoMethodError)

        "#{@exception.class.name}: #{@exception.message}"
                                               ^^^^^^^^
	from /home/katsyoshi/.rbenv/versions/4.0.1/lib/ruby/gems/4.0.0/gems/test-unit-3.7.7/lib/test/unit/ui/console/testrunner.rb:268:in 'Test::Unit::UI::Console::TestRunner#output_fault_message'
	from /home/katsyoshi/.rbenv/versions/4.0.1/lib/ruby/gems/4.0.0/gems/test-unit-3.7.7/lib/test/unit/ui/console/testrunner.rb:204:in 'Test::Unit::UI::Console::TestRunner#output_fault_in_detail'
	from /home/katsyoshi/.rbenv/versions/4.0.1/lib/ruby/gems/4.0.0/gems/test-unit-3.7.7/lib/test/unit/ui/console/testrunner.rb:584:in 'block in Test::Unit::UI::Console::TestRunner#output_progress_in_detail'
	from /home/katsyoshi/.rbenv/versions/4.0.1/lib/ruby/gems/4.0.0/gems/test-unit-3.7.7/lib/test/unit/ui/console/testrunner.rb:71:in 'Test::Unit::UI::Console::TestRunner#change_output_level'
	from /home/katsyoshi/.rbenv/versions/4.0.1/lib/ruby/gems/4.0.0/gems/test-unit-3.7.7/lib/test/unit/ui/console/testrunner.rb:580:in 'Test::Unit::UI::Console::TestRunner#output_progress_in_detail'
	from /home/katsyoshi/.rbenv/versions/4.0.1/lib/ruby/gems/4.0.0/gems/test-unit-3.7.7/lib/test/unit/ui/console/testrunner.rb:107:in 'Test::Unit::UI::Console::TestRunner#add_fault'
	from /home/katsyoshi/.rbenv/versions/4.0.1/lib/ruby/gems/4.0.0/gems/test-unit-3.7.7/lib/test/unit/util/observable.rb:74:in 'block in Test::Unit::Util::Observable#notify_listeners'
	from /home/katsyoshi/.rbenv/versions/4.0.1/lib/ruby/gems/4.0.0/gems/test-unit-3.7.7/lib/test/unit/util/observable.rb:74:in 'Hash#each_value'
	from /home/katsyoshi/.rbenv/versions/4.0.1/lib/ruby/gems/4.0.0/gems/test-unit-3.7.7/lib/test/unit/util/observable.rb:74:in 'Test::Unit::Util::Observable#notify_listeners'
	from /home/katsyoshi/.rbenv/versions/4.0.1/lib/ruby/gems/4.0.0/gems/test-unit-3.7.7/lib/test/unit/ui/testrunnermediator.rb:115:in 'block in Test::Unit::UI::TestRunnerMediator#with_listener'
	from /home/katsyoshi/.rbenv/versions/4.0.1/lib/ruby/gems/4.0.0/gems/test-unit-3.7.7/lib/test/unit/util/observable.rb:74:in 'block in Test::Unit::Util::Observable#notify_listeners'
	from /home/katsyoshi/.rbenv/versions/4.0.1/lib/ruby/gems/4.0.0/gems/test-unit-3.7.7/lib/test/unit/util/observable.rb:74:in 'Hash#each_value'
	from /home/katsyoshi/.rbenv/versions/4.0.1/lib/ruby/gems/4.0.0/gems/test-unit-3.7.7/lib/test/unit/util/observable.rb:74:in 'Test::Unit::Util::Observable#notify_listeners'
	from /home/katsyoshi/.rbenv/versions/4.0.1/lib/ruby/gems/4.0.0/gems/test-unit-3.7.7/lib/test/unit/testresult.rb:128:in 'Test::Unit::TestResult#notify_fault'
	from /home/katsyoshi/.rbenv/versions/4.0.1/lib/ruby/gems/4.0.0/gems/test-unit-3.7.7/lib/test/unit/error.rb:131:in 'Test::Unit::TestResultErrorSupport#add_error'
	from /home/katsyoshi/.rbenv/versions/4.0.1/lib/ruby/gems/4.0.0/gems/test-unit-3.7.7/lib/test/unit/error.rb:121:in 'Test::Unit::ErrorHandler#add_error'
	from /home/katsyoshi/.rbenv/versions/4.0.1/lib/ruby/gems/4.0.0/gems/test-unit-3.7.7/lib/test/unit/error.rb:93:in 'Test::Unit::ErrorHandler#handle_all_exception'
	from /home/katsyoshi/.rbenv/versions/4.0.1/lib/ruby/gems/4.0.0/gems/test-unit-3.7.7/lib/test/unit/testcase.rb:978:in 'block in Test::Unit::TestCase#handle_exception'
	from /home/katsyoshi/.rbenv/versions/4.0.1/lib/ruby/gems/4.0.0/gems/test-unit-3.7.7/lib/test/unit/testcase.rb:974:in 'Array#each'
	from /home/katsyoshi/.rbenv/versions/4.0.1/lib/ruby/gems/4.0.0/gems/test-unit-3.7.7/lib/test/unit/testcase.rb:974:in 'Test::Unit::TestCase#handle_exception'
	from /home/katsyoshi/.rbenv/versions/4.0.1/lib/ruby/gems/4.0.0/gems/test-unit-3.7.7/lib/test/unit/testcase.rb:639:in 'block (2 levels) in Test::Unit::TestCase#run'
	from /home/katsyoshi/.rbenv/versions/4.0.1/lib/ruby/gems/4.0.0/gems/test-unit-3.7.7/lib/test/unit/fixture.rb:276:in 'block in Test::Unit::Fixture#create_fixtures_runner'
	from /home/katsyoshi/.rbenv/versions/4.0.1/lib/ruby/gems/4.0.0/gems/test-unit-3.7.7/lib/test/unit/fixture.rb:276:in 'block in Test::Unit::Fixture#create_fixtures_runner'
	from /home/katsyoshi/.rbenv/versions/4.0.1/lib/ruby/gems/4.0.0/gems/test-unit-3.7.7/lib/test/unit/fixture.rb:257:in 'Test::Unit::Fixture#run_fixture'
	from /home/katsyoshi/.rbenv/versions/4.0.1/lib/ruby/gems/4.0.0/gems/test-unit-3.7.7/lib/test/unit/fixture.rb:292:in 'Test::Unit::Fixture#run_setup'
	from /home/katsyoshi/.rbenv/versions/4.0.1/lib/ruby/gems/4.0.0/gems/test-unit-3.7.7/lib/test/unit/testcase.rb:632:in 'block in Test::Unit::TestCase#run'
	from /home/katsyoshi/.rbenv/versions/4.0.1/lib/ruby/gems/4.0.0/gems/test-unit-3.7.7/lib/test/unit/testcase.rb:631:in 'Kernel#catch'
	from /home/katsyoshi/.rbenv/versions/4.0.1/lib/ruby/gems/4.0.0/gems/test-unit-3.7.7/lib/test/unit/testcase.rb:631:in 'Test::Unit::TestCase#run'
	from /home/katsyoshi/.rbenv/versions/4.0.1/lib/ruby/gems/4.0.0/gems/test-unit-3.7.7/lib/test/unit/test-suite-runner.rb:97:in 'Test::Unit::TestSuiteRunner#run_test'
	from /home/katsyoshi/.rbenv/versions/4.0.1/lib/ruby/gems/4.0.0/gems/test-unit-3.7.7/lib/test/unit/test-suite-runner.rb:63:in 'block in Test::Unit::TestSuiteRunner#run_tests'
	from /home/katsyoshi/.rbenv/versions/4.0.1/lib/ruby/gems/4.0.0/gems/test-unit-3.7.7/lib/test/unit/test-suite-runner.rb:62:in 'Array#each'
	from /home/katsyoshi/.rbenv/versions/4.0.1/lib/ruby/gems/4.0.0/gems/test-unit-3.7.7/lib/test/unit/test-suite-runner.rb:62:in 'Test::Unit::TestSuiteRunner#run_tests'
	from /home/katsyoshi/.rbenv/versions/4.0.1/lib/ruby/gems/4.0.0/gems/test-unit-3.7.7/lib/test/unit/test-suite-runner.rb:39:in 'Test::Unit::TestSuiteRunner#run'
	from /home/katsyoshi/.rbenv/versions/4.0.1/lib/ruby/gems/4.0.0/gems/test-unit-3.7.7/lib/test/unit/testsuite.rb:77:in 'Test::Unit::TestSuite#run'
	from /home/katsyoshi/.rbenv/versions/4.0.1/lib/ruby/gems/4.0.0/gems/test-unit-3.7.7/lib/test/unit/test-suite-runner.rb:97:in 'Test::Unit::TestSuiteRunner#run_test'
	from /home/katsyoshi/.rbenv/versions/4.0.1/lib/ruby/gems/4.0.0/gems/test-unit-3.7.7/lib/test/unit/test-suite-runner.rb:63:in 'block in Test::Unit::TestSuiteRunner#run_tests'
	from /home/katsyoshi/.rbenv/versions/4.0.1/lib/ruby/gems/4.0.0/gems/test-unit-3.7.7/lib/test/unit/test-suite-runner.rb:62:in 'Array#each'
	from /home/katsyoshi/.rbenv/versions/4.0.1/lib/ruby/gems/4.0.0/gems/test-unit-3.7.7/lib/test/unit/test-suite-runner.rb:62:in 'Test::Unit::TestSuiteRunner#run_tests'
	from /home/katsyoshi/.rbenv/versions/4.0.1/lib/ruby/gems/4.0.0/gems/test-unit-3.7.7/lib/test/unit/test-suite-runner.rb:39:in 'Test::Unit::TestSuiteRunner#run'
	from /home/katsyoshi/.rbenv/versions/4.0.1/lib/ruby/gems/4.0.0/gems/test-unit-3.7.7/lib/test/unit/testsuite.rb:77:in 'Test::Unit::TestSuite#run'
	from /home/katsyoshi/.rbenv/versions/4.0.1/lib/ruby/gems/4.0.0/gems/test-unit-3.7.7/lib/test/unit/ui/testrunnermediator.rb:84:in 'Test::Unit::UI::TestRunnerMediator#run_suite'
	from /home/katsyoshi/.rbenv/versions/4.0.1/lib/ruby/gems/4.0.0/gems/test-unit-3.7.7/lib/test/unit/ui/testrunnermediator.rb:60:in 'block (3 levels) in Test::Unit::UI::TestRunnerMediator#run'
	from /home/katsyoshi/.rbenv/versions/4.0.1/lib/ruby/gems/4.0.0/gems/test-unit-3.7.7/lib/test/unit/ui/testrunnermediator.rb:55:in 'Kernel#catch'
	from /home/katsyoshi/.rbenv/versions/4.0.1/lib/ruby/gems/4.0.0/gems/test-unit-3.7.7/lib/test/unit/ui/testrunnermediator.rb:55:in 'block (2 levels) in Test::Unit::UI::TestRunnerMediator#run'
	from /home/katsyoshi/.rbenv/versions/4.0.1/lib/ruby/gems/4.0.0/gems/test-unit-3.7.7/lib/test/unit/test-suite-runner.rb:19:in 'Test::Unit::TestSuiteRunner.run_all_tests'
	from /home/katsyoshi/.rbenv/versions/4.0.1/lib/ruby/gems/4.0.0/gems/test-unit-3.7.7/lib/test/unit/ui/testrunnermediator.rb:54:in 'block in Test::Unit::UI::TestRunnerMediator#run'
	from /home/katsyoshi/.rbenv/versions/4.0.1/lib/ruby/gems/4.0.0/gems/test-unit-3.7.7/lib/test/unit/ui/testrunnermediator.rb:119:in 'Test::Unit::UI::TestRunnerMediator#with_listener'
	from /home/katsyoshi/.rbenv/versions/4.0.1/lib/ruby/gems/4.0.0/gems/test-unit-3.7.7/lib/test/unit/ui/testrunnermediator.rb:53:in 'Test::Unit::UI::TestRunnerMediator#run'
	from /home/katsyoshi/.rbenv/versions/4.0.1/lib/ruby/gems/4.0.0/gems/test-unit-3.7.7/lib/test/unit/ui/testrunner.rb:40:in 'Test::Unit::UI::TestRunner#start_mediator'
	from /home/katsyoshi/.rbenv/versions/4.0.1/lib/ruby/gems/4.0.0/gems/test-unit-3.7.7/lib/test/unit/ui/testrunner.rb:25:in 'Test::Unit::UI::TestRunner#start'
	from /home/katsyoshi/.rbenv/versions/4.0.1/lib/ruby/gems/4.0.0/gems/test-unit-3.7.7/lib/test/unit/ui/testrunnerutilities.rb:24:in 'Test::Unit::UI::TestRunnerUtilities#run'
	from /home/katsyoshi/.rbenv/versions/4.0.1/lib/ruby/gems/4.0.0/gems/test-unit-3.7.7/lib/test/unit/autorunner.rb:509:in 'block in Test::Unit::AutoRunner#run'
	from /home/katsyoshi/.rbenv/versions/4.0.1/lib/ruby/gems/4.0.0/gems/test-unit-3.7.7/lib/test/unit/autorunner.rb:574:in 'Test::Unit::AutoRunner#change_work_directory'
	from /home/katsyoshi/.rbenv/versions/4.0.1/lib/ruby/gems/4.0.0/gems/test-unit-3.7.7/lib/test/unit/autorunner.rb:508:in 'Test::Unit::AutoRunner#run'
	from /home/katsyoshi/.rbenv/versions/4.0.1/lib/ruby/gems/4.0.0/gems/test-unit-3.7.7/lib/test/unit/autorunner.rb:69:in 'Test::Unit::AutoRunner.run'
	from /home/katsyoshi/.rbenv/versions/4.0.1/lib/ruby/gems/4.0.0/gems/test-unit-3.7.7/lib/test/unit.rb:518:in 'block (2 levels) in <top (required)>'
/home/katsyoshi/Program/Web/blog/load_so.rb:1:in 'Kernel#require': cannot load such file -- fiddle/import (LoadError)
	from /home/katsyoshi/Program/Web/blog/load_so.rb:1:in 'Ruby::Box::Loader#require'
	from /home/katsyoshi/Program/Web/blog/load_so.rb:1:in '<top (required)>'
	from test_fibo.rb:12:in 'Ruby::Box#require'
	from test_fibo.rb:12:in 'TestFibo#test_load_fiddle_2'
	from /home/katsyoshi/.rbenv/versions/4.0.1/lib/ruby/gems/4.0.0/gems/test-unit-3.7.7/lib/test/unit/testcase.rb:969:in 'Test::Unit::TestCase#run_test'
	from /home/katsyoshi/.rbenv/versions/4.0.1/lib/ruby/gems/4.0.0/gems/test-unit-3.7.7/lib/test/unit/testcase.rb:634:in 'block (2 levels) in Test::Unit::TestCase#run'
	from /home/katsyoshi/.rbenv/versions/4.0.1/lib/ruby/gems/4.0.0/gems/test-unit-3.7.7/lib/test/unit/fixture.rb:276:in 'block in Test::Unit::Fixture#create_fixtures_runner'
	from /home/katsyoshi/.rbenv/versions/4.0.1/lib/ruby/gems/4.0.0/gems/test-unit-3.7.7/lib/test/unit/fixture.rb:276:in 'block in Test::Unit::Fixture#create_fixtures_runner'
	from /home/katsyoshi/.rbenv/versions/4.0.1/lib/ruby/gems/4.0.0/gems/test-unit-3.7.7/lib/test/unit/fixture.rb:257:in 'Test::Unit::Fixture#run_fixture'
	from /home/katsyoshi/.rbenv/versions/4.0.1/lib/ruby/gems/4.0.0/gems/test-unit-3.7.7/lib/test/unit/fixture.rb:292:in 'Test::Unit::Fixture#run_setup'
	from /home/katsyoshi/.rbenv/versions/4.0.1/lib/ruby/gems/4.0.0/gems/test-unit-3.7.7/lib/test/unit/testcase.rb:632:in 'block in Test::Unit::TestCase#run'
	from /home/katsyoshi/.rbenv/versions/4.0.1/lib/ruby/gems/4.0.0/gems/test-unit-3.7.7/lib/test/unit/testcase.rb:631:in 'Kernel#catch'
	from /home/katsyoshi/.rbenv/versions/4.0.1/lib/ruby/gems/4.0.0/gems/test-unit-3.7.7/lib/test/unit/testcase.rb:631:in 'Test::Unit::TestCase#run'
	from /home/katsyoshi/.rbenv/versions/4.0.1/lib/ruby/gems/4.0.0/gems/test-unit-3.7.7/lib/test/unit/test-suite-runner.rb:97:in 'Test::Unit::TestSuiteRunner#run_test'
	from /home/katsyoshi/.rbenv/versions/4.0.1/lib/ruby/gems/4.0.0/gems/test-unit-3.7.7/lib/test/unit/test-suite-runner.rb:63:in 'block in Test::Unit::TestSuiteRunner#run_tests'
	from /home/katsyoshi/.rbenv/versions/4.0.1/lib/ruby/gems/4.0.0/gems/test-unit-3.7.7/lib/test/unit/test-suite-runner.rb:62:in 'Array#each'
	from /home/katsyoshi/.rbenv/versions/4.0.1/lib/ruby/gems/4.0.0/gems/test-unit-3.7.7/lib/test/unit/test-suite-runner.rb:62:in 'Test::Unit::TestSuiteRunner#run_tests'
	from /home/katsyoshi/.rbenv/versions/4.0.1/lib/ruby/gems/4.0.0/gems/test-unit-3.7.7/lib/test/unit/test-suite-runner.rb:39:in 'Test::Unit::TestSuiteRunner#run'
	from /home/katsyoshi/.rbenv/versions/4.0.1/lib/ruby/gems/4.0.0/gems/test-unit-3.7.7/lib/test/unit/testsuite.rb:77:in 'Test::Unit::TestSuite#run'
	from /home/katsyoshi/.rbenv/versions/4.0.1/lib/ruby/gems/4.0.0/gems/test-unit-3.7.7/lib/test/unit/test-suite-runner.rb:97:in 'Test::Unit::TestSuiteRunner#run_test'
	from /home/katsyoshi/.rbenv/versions/4.0.1/lib/ruby/gems/4.0.0/gems/test-unit-3.7.7/lib/test/unit/test-suite-runner.rb:63:in 'block in Test::Unit::TestSuiteRunner#run_tests'
	from /home/katsyoshi/.rbenv/versions/4.0.1/lib/ruby/gems/4.0.0/gems/test-unit-3.7.7/lib/test/unit/test-suite-runner.rb:62:in 'Array#each'
	from /home/katsyoshi/.rbenv/versions/4.0.1/lib/ruby/gems/4.0.0/gems/test-unit-3.7.7/lib/test/unit/test-suite-runner.rb:62:in 'Test::Unit::TestSuiteRunner#run_tests'
	from /home/katsyoshi/.rbenv/versions/4.0.1/lib/ruby/gems/4.0.0/gems/test-unit-3.7.7/lib/test/unit/test-suite-runner.rb:39:in 'Test::Unit::TestSuiteRunner#run'
	from /home/katsyoshi/.rbenv/versions/4.0.1/lib/ruby/gems/4.0.0/gems/test-unit-3.7.7/lib/test/unit/testsuite.rb:77:in 'Test::Unit::TestSuite#run'
	from /home/katsyoshi/.rbenv/versions/4.0.1/lib/ruby/gems/4.0.0/gems/test-unit-3.7.7/lib/test/unit/ui/testrunnermediator.rb:84:in 'Test::Unit::UI::TestRunnerMediator#run_suite'
	from /home/katsyoshi/.rbenv/versions/4.0.1/lib/ruby/gems/4.0.0/gems/test-unit-3.7.7/lib/test/unit/ui/testrunnermediator.rb:60:in 'block (3 levels) in Test::Unit::UI::TestRunnerMediator#run'
	from /home/katsyoshi/.rbenv/versions/4.0.1/lib/ruby/gems/4.0.0/gems/test-unit-3.7.7/lib/test/unit/ui/testrunnermediator.rb:55:in 'Kernel#catch'
	from /home/katsyoshi/.rbenv/versions/4.0.1/lib/ruby/gems/4.0.0/gems/test-unit-3.7.7/lib/test/unit/ui/testrunnermediator.rb:55:in 'block (2 levels) in Test::Unit::UI::TestRunnerMediator#run'
	from /home/katsyoshi/.rbenv/versions/4.0.1/lib/ruby/gems/4.0.0/gems/test-unit-3.7.7/lib/test/unit/test-suite-runner.rb:19:in 'Test::Unit::TestSuiteRunner.run_all_tests'
	from /home/katsyoshi/.rbenv/versions/4.0.1/lib/ruby/gems/4.0.0/gems/test-unit-3.7.7/lib/test/unit/ui/testrunnermediator.rb:54:in 'block in Test::Unit::UI::TestRunnerMediator#run'
	from /home/katsyoshi/.rbenv/versions/4.0.1/lib/ruby/gems/4.0.0/gems/test-unit-3.7.7/lib/test/unit/ui/testrunnermediator.rb:119:in 'Test::Unit::UI::TestRunnerMediator#with_listener'
	from /home/katsyoshi/.rbenv/versions/4.0.1/lib/ruby/gems/4.0.0/gems/test-unit-3.7.7/lib/test/unit/ui/testrunnermediator.rb:53:in 'Test::Unit::UI::TestRunnerMediator#run'
	from /home/katsyoshi/.rbenv/versions/4.0.1/lib/ruby/gems/4.0.0/gems/test-unit-3.7.7/lib/test/unit/ui/testrunner.rb:40:in 'Test::Unit::UI::TestRunner#start_mediator'
	from /home/katsyoshi/.rbenv/versions/4.0.1/lib/ruby/gems/4.0.0/gems/test-unit-3.7.7/lib/test/unit/ui/testrunner.rb:25:in 'Test::Unit::UI::TestRunner#start'
	from /home/katsyoshi/.rbenv/versions/4.0.1/lib/ruby/gems/4.0.0/gems/test-unit-3.7.7/lib/test/unit/ui/testrunnerutilities.rb:24:in 'Test::Unit::UI::TestRunnerUtilities#run'
	from /home/katsyoshi/.rbenv/versions/4.0.1/lib/ruby/gems/4.0.0/gems/test-unit-3.7.7/lib/test/unit/autorunner.rb:509:in 'block in Test::Unit::AutoRunner#run'
	from /home/katsyoshi/.rbenv/versions/4.0.1/lib/ruby/gems/4.0.0/gems/test-unit-3.7.7/lib/test/unit/autorunner.rb:574:in 'Test::Unit::AutoRunner#change_work_directory'
	from /home/katsyoshi/.rbenv/versions/4.0.1/lib/ruby/gems/4.0.0/gems/test-unit-3.7.7/lib/test/unit/autorunner.rb:508:in 'Test::Unit::AutoRunner#run'
	from /home/katsyoshi/.rbenv/versions/4.0.1/lib/ruby/gems/4.0.0/gems/test-unit-3.7.7/lib/test/unit/autorunner.rb:69:in 'Test::Unit::AutoRunner.run'
	from /home/katsyoshi/.rbenv/versions/4.0.1/lib/ruby/gems/4.0.0/gems/test-unit-3.7.7/lib/test/unit.rb:518:in 'block (2 levels) in <top (required)>'
/home/katsyoshi/Program/Web/blog/load_so.rb:1:in 'Kernel#require': cannot load such file -- fiddle/import (LoadError)
	from /home/katsyoshi/Program/Web/blog/load_so.rb:1:in 'Ruby::Box::Loader#require'
	from /home/katsyoshi/Program/Web/blog/load_so.rb:1:in '<top (required)>'
	from test_fibo.rb:12:in 'Ruby::Box#require'
	from test_fibo.rb:12:in 'TestFibo#test_load_fiddle_2'
	from /home/katsyoshi/.rbenv/versions/4.0.1/lib/ruby/gems/4.0.0/gems/test-unit-3.7.7/lib/test/unit/testcase.rb:969:in 'Test::Unit::TestCase#run_test'
	from /home/katsyoshi/.rbenv/versions/4.0.1/lib/ruby/gems/4.0.0/gems/test-unit-3.7.7/lib/test/unit/testcase.rb:634:in 'block (2 levels) in Test::Unit::TestCase#run'
	from /home/katsyoshi/.rbenv/versions/4.0.1/lib/ruby/gems/4.0.0/gems/test-unit-3.7.7/lib/test/unit/fixture.rb:276:in 'block in Test::Unit::Fixture#create_fixtures_runner'
	from /home/katsyoshi/.rbenv/versions/4.0.1/lib/ruby/gems/4.0.0/gems/test-unit-3.7.7/lib/test/unit/fixture.rb:276:in 'block in Test::Unit::Fixture#create_fixtures_runner'
	from /home/katsyoshi/.rbenv/versions/4.0.1/lib/ruby/gems/4.0.0/gems/test-unit-3.7.7/lib/test/unit/fixture.rb:257:in 'Test::Unit::Fixture#run_fixture'
	from /home/katsyoshi/.rbenv/versions/4.0.1/lib/ruby/gems/4.0.0/gems/test-unit-3.7.7/lib/test/unit/fixture.rb:292:in 'Test::Unit::Fixture#run_setup'
	from /home/katsyoshi/.rbenv/versions/4.0.1/lib/ruby/gems/4.0.0/gems/test-unit-3.7.7/lib/test/unit/testcase.rb:632:in 'block in Test::Unit::TestCase#run'
	from /home/katsyoshi/.rbenv/versions/4.0.1/lib/ruby/gems/4.0.0/gems/test-unit-3.7.7/lib/test/unit/testcase.rb:631:in 'Kernel#catch'
	from /home/katsyoshi/.rbenv/versions/4.0.1/lib/ruby/gems/4.0.0/gems/test-unit-3.7.7/lib/test/unit/testcase.rb:631:in 'Test::Unit::TestCase#run'
	from /home/katsyoshi/.rbenv/versions/4.0.1/lib/ruby/gems/4.0.0/gems/test-unit-3.7.7/lib/test/unit/test-suite-runner.rb:97:in 'Test::Unit::TestSuiteRunner#run_test'
	from /home/katsyoshi/.rbenv/versions/4.0.1/lib/ruby/gems/4.0.0/gems/test-unit-3.7.7/lib/test/unit/test-suite-runner.rb:63:in 'block in Test::Unit::TestSuiteRunner#run_tests'
	from /home/katsyoshi/.rbenv/versions/4.0.1/lib/ruby/gems/4.0.0/gems/test-unit-3.7.7/lib/test/unit/test-suite-runner.rb:62:in 'Array#each'
	from /home/katsyoshi/.rbenv/versions/4.0.1/lib/ruby/gems/4.0.0/gems/test-unit-3.7.7/lib/test/unit/test-suite-runner.rb:62:in 'Test::Unit::TestSuiteRunner#run_tests'
	from /home/katsyoshi/.rbenv/versions/4.0.1/lib/ruby/gems/4.0.0/gems/test-unit-3.7.7/lib/test/unit/test-suite-runner.rb:39:in 'Test::Unit::TestSuiteRunner#run'
	from /home/katsyoshi/.rbenv/versions/4.0.1/lib/ruby/gems/4.0.0/gems/test-unit-3.7.7/lib/test/unit/testsuite.rb:77:in 'Test::Unit::TestSuite#run'
	from /home/katsyoshi/.rbenv/versions/4.0.1/lib/ruby/gems/4.0.0/gems/test-unit-3.7.7/lib/test/unit/test-suite-runner.rb:97:in 'Test::Unit::TestSuiteRunner#run_test'
	from /home/katsyoshi/.rbenv/versions/4.0.1/lib/ruby/gems/4.0.0/gems/test-unit-3.7.7/lib/test/unit/test-suite-runner.rb:63:in 'block in Test::Unit::TestSuiteRunner#run_tests'
	from /home/katsyoshi/.rbenv/versions/4.0.1/lib/ruby/gems/4.0.0/gems/test-unit-3.7.7/lib/test/unit/test-suite-runner.rb:62:in 'Array#each'
	from /home/katsyoshi/.rbenv/versions/4.0.1/lib/ruby/gems/4.0.0/gems/test-unit-3.7.7/lib/test/unit/test-suite-runner.rb:62:in 'Test::Unit::TestSuiteRunner#run_tests'
	from /home/katsyoshi/.rbenv/versions/4.0.1/lib/ruby/gems/4.0.0/gems/test-unit-3.7.7/lib/test/unit/test-suite-runner.rb:39:in 'Test::Unit::TestSuiteRunner#run'
	from /home/katsyoshi/.rbenv/versions/4.0.1/lib/ruby/gems/4.0.0/gems/test-unit-3.7.7/lib/test/unit/testsuite.rb:77:in 'Test::Unit::TestSuite#run'
	from /home/katsyoshi/.rbenv/versions/4.0.1/lib/ruby/gems/4.0.0/gems/test-unit-3.7.7/lib/test/unit/ui/testrunnermediator.rb:84:in 'Test::Unit::UI::TestRunnerMediator#run_suite'
	from /home/katsyoshi/.rbenv/versions/4.0.1/lib/ruby/gems/4.0.0/gems/test-unit-3.7.7/lib/test/unit/ui/testrunnermediator.rb:60:in 'block (3 levels) in Test::Unit::UI::TestRunnerMediator#run'
	from /home/katsyoshi/.rbenv/versions/4.0.1/lib/ruby/gems/4.0.0/gems/test-unit-3.7.7/lib/test/unit/ui/testrunnermediator.rb:55:in 'Kernel#catch'
	from /home/katsyoshi/.rbenv/versions/4.0.1/lib/ruby/gems/4.0.0/gems/test-unit-3.7.7/lib/test/unit/ui/testrunnermediator.rb:55:in 'block (2 levels) in Test::Unit::UI::TestRunnerMediator#run'
	from /home/katsyoshi/.rbenv/versions/4.0.1/lib/ruby/gems/4.0.0/gems/test-unit-3.7.7/lib/test/unit/test-suite-runner.rb:19:in 'Test::Unit::TestSuiteRunner.run_all_tests'
	from /home/katsyoshi/.rbenv/versions/4.0.1/lib/ruby/gems/4.0.0/gems/test-unit-3.7.7/lib/test/unit/ui/testrunnermediator.rb:54:in 'block in Test::Unit::UI::TestRunnerMediator#run'
	from /home/katsyoshi/.rbenv/versions/4.0.1/lib/ruby/gems/4.0.0/gems/test-unit-3.7.7/lib/test/unit/ui/testrunnermediator.rb:119:in 'Test::Unit::UI::TestRunnerMediator#with_listener'
	from /home/katsyoshi/.rbenv/versions/4.0.1/lib/ruby/gems/4.0.0/gems/test-unit-3.7.7/lib/test/unit/ui/testrunnermediator.rb:53:in 'Test::Unit::UI::TestRunnerMediator#run'
	from /home/katsyoshi/.rbenv/versions/4.0.1/lib/ruby/gems/4.0.0/gems/test-unit-3.7.7/lib/test/unit/ui/testrunner.rb:40:in 'Test::Unit::UI::TestRunner#start_mediator'
	from /home/katsyoshi/.rbenv/versions/4.0.1/lib/ruby/gems/4.0.0/gems/test-unit-3.7.7/lib/test/unit/ui/testrunner.rb:25:in 'Test::Unit::UI::TestRunner#start'
	from /home/katsyoshi/.rbenv/versions/4.0.1/lib/ruby/gems/4.0.0/gems/test-unit-3.7.7/lib/test/unit/ui/testrunnerutilities.rb:24:in 'Test::Unit::UI::TestRunnerUtilities#run'
	from /home/katsyoshi/.rbenv/versions/4.0.1/lib/ruby/gems/4.0.0/gems/test-unit-3.7.7/lib/test/unit/autorunner.rb:509:in 'block in Test::Unit::AutoRunner#run'
	from /home/katsyoshi/.rbenv/versions/4.0.1/lib/ruby/gems/4.0.0/gems/test-unit-3.7.7/lib/test/unit/autorunner.rb:574:in 'Test::Unit::AutoRunner#change_work_directory'
	from /home/katsyoshi/.rbenv/versions/4.0.1/lib/ruby/gems/4.0.0/gems/test-unit-3.7.7/lib/test/unit/autorunner.rb:508:in 'Test::Unit::AutoRunner#run'
	from /home/katsyoshi/.rbenv/versions/4.0.1/lib/ruby/gems/4.0.0/gems/test-unit-3.7.7/lib/test/unit/autorunner.rb:69:in 'Test::Unit::AutoRunner.run'
	from /home/katsyoshi/.rbenv/versions/4.0.1/lib/ruby/gems/4.0.0/gems/test-unit-3.7.7/lib/test/unit.rb:518:in 'block (2 levels) in <top (required)>'

